f:\study work\college\current semester\c++\project\paint for kids\debug\pt project.bsc
f:\study work\college\current semester\c++\project\paint for kids\debug\vc143.pdb
f:\study work\college\current semester\c++\project\paint for kids\debug\vc143.idb
f:\study work\college\current semester\c++\project\paint for kids\debug\main.sbr
f:\study work\college\current semester\c++\project\paint for kids\debug\applicationmanager.sbr
f:\study work\college\current semester\c++\project\paint for kids\debug\output.sbr
f:\study work\college\current semester\c++\project\paint for kids\debug\input.sbr
f:\study work\college\current semester\c++\project\paint for kids\debug\ctriangle.sbr
f:\study work\college\current semester\c++\project\paint for kids\debug\addrectaction.sbr
f:\study work\college\current semester\c++\project\paint for kids\debug\crectangle.sbr
f:\study work\college\current semester\c++\project\paint for kids\debug\cfigure.sbr
f:\study work\college\current semester\c++\project\paint for kids\debug\ccircle.sbr
f:\study work\college\current semester\c++\project\paint for kids\debug\windowinput.sbr
f:\study work\college\current semester\c++\project\paint for kids\debug\mousequeue.sbr
f:\study work\college\current semester\c++\project\paint for kids\debug\keyqueue.sbr
f:\study work\college\current semester\c++\project\paint for kids\debug\image.sbr
f:\study work\college\current semester\c++\project\paint for kids\debug\cmugraphics.sbr
f:\study work\college\current semester\c++\project\paint for kids\debug\auxil.sbr
f:\study work\college\current semester\c++\project\paint for kids\debug\addtriaaction.sbr
f:\study work\college\current semester\c++\project\paint for kids\debug\addcircaction.sbr
f:\study work\college\current semester\c++\project\paint for kids\debug\addcircaction.obj
f:\study work\college\current semester\c++\project\paint for kids\debug\addtriaaction.obj
f:\study work\college\current semester\c++\project\paint for kids\debug\auxil.obj
f:\study work\college\current semester\c++\project\paint for kids\debug\cmugraphics.obj
f:\study work\college\current semester\c++\project\paint for kids\debug\image.obj
f:\study work\college\current semester\c++\project\paint for kids\debug\keyqueue.obj
f:\study work\college\current semester\c++\project\paint for kids\debug\mousequeue.obj
f:\study work\college\current semester\c++\project\paint for kids\debug\windowinput.obj
f:\study work\college\current semester\c++\project\paint for kids\debug\ccircle.obj
f:\study work\college\current semester\c++\project\paint for kids\debug\cfigure.obj
f:\study work\college\current semester\c++\project\paint for kids\debug\crectangle.obj
f:\study work\college\current semester\c++\project\paint for kids\debug\addrectaction.obj
f:\study work\college\current semester\c++\project\paint for kids\debug\ctriangle.obj
f:\study work\college\current semester\c++\project\paint for kids\debug\input.obj
f:\study work\college\current semester\c++\project\paint for kids\debug\output.obj
f:\study work\college\current semester\c++\project\paint for kids\debug\applicationmanager.obj
f:\study work\college\current semester\c++\project\paint for kids\debug\main.obj
f:\study work\college\current semester\c++\project\paint for kids\debug\jpegload.sbr
f:\study work\college\current semester\c++\project\paint for kids\debug\jutils.sbr
f:\study work\college\current semester\c++\project\paint for kids\debug\jquant2.sbr
f:\study work\college\current semester\c++\project\paint for kids\debug\jquant1.sbr
f:\study work\college\current semester\c++\project\paint for kids\debug\jmemnobs.sbr
f:\study work\college\current semester\c++\project\paint for kids\debug\jmemmgr.sbr
f:\study work\college\current semester\c++\project\paint for kids\debug\jidctred.sbr
f:\study work\college\current semester\c++\project\paint for kids\debug\jidctint.sbr
f:\study work\college\current semester\c++\project\paint for kids\debug\jidctfst.sbr
f:\study work\college\current semester\c++\project\paint for kids\debug\jidctflt.sbr
f:\study work\college\current semester\c++\project\paint for kids\debug\jerror.sbr
f:\study work\college\current semester\c++\project\paint for kids\debug\jdtrans.sbr
f:\study work\college\current semester\c++\project\paint for kids\debug\jdsample.sbr
f:\study work\college\current semester\c++\project\paint for kids\debug\jdpostct.sbr
f:\study work\college\current semester\c++\project\paint for kids\debug\jdphuff.sbr
f:\study work\college\current semester\c++\project\paint for kids\debug\jdmerge.sbr
f:\study work\college\current semester\c++\project\paint for kids\debug\jdmaster.sbr
f:\study work\college\current semester\c++\project\paint for kids\debug\jdmarker.sbr
f:\study work\college\current semester\c++\project\paint for kids\debug\jdmainct.sbr
f:\study work\college\current semester\c++\project\paint for kids\debug\jdinput.sbr
f:\study work\college\current semester\c++\project\paint for kids\debug\jdinput.obj
f:\study work\college\current semester\c++\project\paint for kids\debug\jdmainct.obj
f:\study work\college\current semester\c++\project\paint for kids\debug\jdmarker.obj
f:\study work\college\current semester\c++\project\paint for kids\debug\jdmaster.obj
f:\study work\college\current semester\c++\project\paint for kids\debug\jdmerge.obj
f:\study work\college\current semester\c++\project\paint for kids\debug\jdphuff.obj
f:\study work\college\current semester\c++\project\paint for kids\debug\jdpostct.obj
f:\study work\college\current semester\c++\project\paint for kids\debug\jdsample.obj
f:\study work\college\current semester\c++\project\paint for kids\debug\jdtrans.obj
f:\study work\college\current semester\c++\project\paint for kids\debug\jerror.obj
f:\study work\college\current semester\c++\project\paint for kids\debug\jidctflt.obj
f:\study work\college\current semester\c++\project\paint for kids\debug\jidctfst.obj
f:\study work\college\current semester\c++\project\paint for kids\debug\jidctint.obj
f:\study work\college\current semester\c++\project\paint for kids\debug\jidctred.obj
f:\study work\college\current semester\c++\project\paint for kids\debug\jmemmgr.obj
f:\study work\college\current semester\c++\project\paint for kids\debug\jmemnobs.obj
f:\study work\college\current semester\c++\project\paint for kids\debug\jquant1.obj
f:\study work\college\current semester\c++\project\paint for kids\debug\jquant2.obj
f:\study work\college\current semester\c++\project\paint for kids\debug\jutils.obj
f:\study work\college\current semester\c++\project\paint for kids\debug\jpegload.obj
f:\study work\college\current semester\c++\project\paint for kids\debug\jdhuff.sbr
f:\study work\college\current semester\c++\project\paint for kids\debug\jddctmgr.sbr
f:\study work\college\current semester\c++\project\paint for kids\debug\jdcolor.sbr
f:\study work\college\current semester\c++\project\paint for kids\debug\jdcoefct.sbr
f:\study work\college\current semester\c++\project\paint for kids\debug\jdatasrc.sbr
f:\study work\college\current semester\c++\project\paint for kids\debug\jdapistd.sbr
f:\study work\college\current semester\c++\project\paint for kids\debug\jdapimin.sbr
f:\study work\college\current semester\c++\project\paint for kids\debug\jcparam.sbr
f:\study work\college\current semester\c++\project\paint for kids\debug\jcomapi.sbr
f:\study work\college\current semester\c++\project\paint for kids\debug\jcomapi.obj
f:\study work\college\current semester\c++\project\paint for kids\debug\jcparam.obj
f:\study work\college\current semester\c++\project\paint for kids\debug\jdapimin.obj
f:\study work\college\current semester\c++\project\paint for kids\debug\jdapistd.obj
f:\study work\college\current semester\c++\project\paint for kids\debug\jdatasrc.obj
f:\study work\college\current semester\c++\project\paint for kids\debug\jdcoefct.obj
f:\study work\college\current semester\c++\project\paint for kids\debug\jdcolor.obj
f:\study work\college\current semester\c++\project\paint for kids\debug\jddctmgr.obj
f:\study work\college\current semester\c++\project\paint for kids\debug\jdhuff.obj
f:\study work\college\current semester\c++\project\paint for kids\debug\pt project.exe
f:\study work\college\current semester\c++\project\paint for kids\debug\pt project.ilk
f:\study work\college\current semester\c++\project\paint for kids\debug\pt project.pdb
d:\cpp\n_project\paint-for-kids\debug\addcircaction.obj
d:\cpp\n_project\paint-for-kids\debug\addrectaction.obj
d:\cpp\n_project\paint-for-kids\debug\addtriaaction.obj
d:\cpp\n_project\paint-for-kids\debug\applicationmanager.obj
d:\cpp\n_project\paint-for-kids\debug\auxil.obj
d:\cpp\n_project\paint-for-kids\debug\ccircle.obj
d:\cpp\n_project\paint-for-kids\debug\cfigure.obj
d:\cpp\n_project\paint-for-kids\debug\cmugraphics.obj
d:\cpp\n_project\paint-for-kids\debug\crectangle.obj
d:\cpp\n_project\paint-for-kids\debug\ctriangle.obj
d:\cpp\n_project\paint-for-kids\debug\image.obj
d:\cpp\n_project\paint-for-kids\debug\input.obj
d:\cpp\n_project\paint-for-kids\debug\jcomapi.obj
d:\cpp\n_project\paint-for-kids\debug\jcparam.obj
d:\cpp\n_project\paint-for-kids\debug\jdapimin.obj
d:\cpp\n_project\paint-for-kids\debug\jdapistd.obj
d:\cpp\n_project\paint-for-kids\debug\jdatasrc.obj
d:\cpp\n_project\paint-for-kids\debug\jdcoefct.obj
d:\cpp\n_project\paint-for-kids\debug\jdcolor.obj
d:\cpp\n_project\paint-for-kids\debug\jddctmgr.obj
d:\cpp\n_project\paint-for-kids\debug\jdhuff.obj
d:\cpp\n_project\paint-for-kids\debug\jdinput.obj
d:\cpp\n_project\paint-for-kids\debug\jdmainct.obj
d:\cpp\n_project\paint-for-kids\debug\jdmarker.obj
d:\cpp\n_project\paint-for-kids\debug\jdmaster.obj
d:\cpp\n_project\paint-for-kids\debug\jdmerge.obj
d:\cpp\n_project\paint-for-kids\debug\jdphuff.obj
d:\cpp\n_project\paint-for-kids\debug\jdpostct.obj
d:\cpp\n_project\paint-for-kids\debug\jdsample.obj
d:\cpp\n_project\paint-for-kids\debug\jdtrans.obj
d:\cpp\n_project\paint-for-kids\debug\jerror.obj
d:\cpp\n_project\paint-for-kids\debug\jidctflt.obj
d:\cpp\n_project\paint-for-kids\debug\jidctfst.obj
d:\cpp\n_project\paint-for-kids\debug\jidctint.obj
d:\cpp\n_project\paint-for-kids\debug\jidctred.obj
d:\cpp\n_project\paint-for-kids\debug\jmemmgr.obj
d:\cpp\n_project\paint-for-kids\debug\jmemnobs.obj
d:\cpp\n_project\paint-for-kids\debug\jpegload.obj
d:\cpp\n_project\paint-for-kids\debug\jquant1.obj
d:\cpp\n_project\paint-for-kids\debug\jquant2.obj
d:\cpp\n_project\paint-for-kids\debug\jutils.obj
d:\cpp\n_project\paint-for-kids\debug\keyqueue.obj
d:\cpp\n_project\paint-for-kids\debug\main.obj
d:\cpp\n_project\paint-for-kids\debug\mousequeue.obj
d:\cpp\n_project\paint-for-kids\debug\output.obj
d:\cpp\n_project\paint-for-kids\debug\windowinput.obj
d:\cpp\n_project\paint-for-kids\debug\pt project.ilk
d:\cpp\n_project\paint-for-kids\debug\vc143.idb
d:\cpp\n_project\paint-for-kids\debug\pt project.pdb
d:\cpp\n_project\paint-for-kids\debug\vc143.pdb
d:\cpp\n_project\paint-for-kids\debug\pt project.bsc
d:\cpp\n_project\paint-for-kids\debug\addcircaction.sbr
d:\cpp\n_project\paint-for-kids\debug\addrectaction.sbr
d:\cpp\n_project\paint-for-kids\debug\addtriaaction.sbr
d:\cpp\n_project\paint-for-kids\debug\applicationmanager.sbr
d:\cpp\n_project\paint-for-kids\debug\auxil.sbr
d:\cpp\n_project\paint-for-kids\debug\ccircle.sbr
d:\cpp\n_project\paint-for-kids\debug\cfigure.sbr
d:\cpp\n_project\paint-for-kids\debug\cmugraphics.sbr
d:\cpp\n_project\paint-for-kids\debug\crectangle.sbr
d:\cpp\n_project\paint-for-kids\debug\ctriangle.sbr
d:\cpp\n_project\paint-for-kids\debug\image.sbr
d:\cpp\n_project\paint-for-kids\debug\input.sbr
d:\cpp\n_project\paint-for-kids\debug\jcomapi.sbr
d:\cpp\n_project\paint-for-kids\debug\jcparam.sbr
d:\cpp\n_project\paint-for-kids\debug\jdapimin.sbr
d:\cpp\n_project\paint-for-kids\debug\jdapistd.sbr
d:\cpp\n_project\paint-for-kids\debug\jdatasrc.sbr
d:\cpp\n_project\paint-for-kids\debug\jdcoefct.sbr
d:\cpp\n_project\paint-for-kids\debug\jdcolor.sbr
d:\cpp\n_project\paint-for-kids\debug\jddctmgr.sbr
d:\cpp\n_project\paint-for-kids\debug\jdhuff.sbr
d:\cpp\n_project\paint-for-kids\debug\jdinput.sbr
d:\cpp\n_project\paint-for-kids\debug\jdmainct.sbr
d:\cpp\n_project\paint-for-kids\debug\jdmarker.sbr
d:\cpp\n_project\paint-for-kids\debug\jdmaster.sbr
d:\cpp\n_project\paint-for-kids\debug\jdmerge.sbr
d:\cpp\n_project\paint-for-kids\debug\jdphuff.sbr
d:\cpp\n_project\paint-for-kids\debug\jdpostct.sbr
d:\cpp\n_project\paint-for-kids\debug\jdsample.sbr
d:\cpp\n_project\paint-for-kids\debug\jdtrans.sbr
d:\cpp\n_project\paint-for-kids\debug\jerror.sbr
d:\cpp\n_project\paint-for-kids\debug\jidctflt.sbr
d:\cpp\n_project\paint-for-kids\debug\jidctfst.sbr
d:\cpp\n_project\paint-for-kids\debug\jidctint.sbr
d:\cpp\n_project\paint-for-kids\debug\jidctred.sbr
d:\cpp\n_project\paint-for-kids\debug\jmemmgr.sbr
d:\cpp\n_project\paint-for-kids\debug\jmemnobs.sbr
d:\cpp\n_project\paint-for-kids\debug\jpegload.sbr
d:\cpp\n_project\paint-for-kids\debug\jquant1.sbr
d:\cpp\n_project\paint-for-kids\debug\jquant2.sbr
d:\cpp\n_project\paint-for-kids\debug\jutils.sbr
d:\cpp\n_project\paint-for-kids\debug\keyqueue.sbr
d:\cpp\n_project\paint-for-kids\debug\main.sbr
d:\cpp\n_project\paint-for-kids\debug\mousequeue.sbr
d:\cpp\n_project\paint-for-kids\debug\output.sbr
d:\cpp\n_project\paint-for-kids\debug\windowinput.sbr
d:\cpp\n_project\paint-for-kids\.\debug\pt project.exe
d:\cpp\n_project\paint-for-kids\debug\pt project.tlog\bscmake.command.1.tlog
d:\cpp\n_project\paint-for-kids\debug\pt project.tlog\bscmake.read.1.tlog
d:\cpp\n_project\paint-for-kids\debug\pt project.tlog\bscmake.write.1.tlog
d:\cpp\n_project\paint-for-kids\debug\pt project.tlog\cl.command.1.tlog
d:\cpp\n_project\paint-for-kids\debug\pt project.tlog\cl.read.1.tlog
d:\cpp\n_project\paint-for-kids\debug\pt project.tlog\cl.write.1.tlog
d:\cpp\n_project\paint-for-kids\debug\pt project.tlog\link.command.1.tlog
d:\cpp\n_project\paint-for-kids\debug\pt project.tlog\link.read.1.tlog
d:\cpp\n_project\paint-for-kids\debug\pt project.tlog\link.write.1.tlog
